<?xml version="1.0" encoding="UTF-8"?>
<!-- Generated by org.testng.reporters.JUnitReportReporter -->
<testsuite hostname="vkzoomin996" failures="0" tests="2" name="tests.TestExamples" time="2.542" errors="0" timestamp="2023-06-07T14:53:42 IST" skipped="0">
  <testcase classname="tests.TestExamples" name="test_1" time="1.658"/>
  <system-out/>
  <testcase classname="tests.TestExamples" name="test_2" time="0.884"/>
  <system-out/>
</testsuite> <!-- tests.TestExamples -->
