<?xml version="1.0" encoding="UTF-8"?>
<!-- Generated by org.testng.reporters.JUnitReportReporter -->
<testsuite hostname="vkzoomin996" failures="0" tests="1" name="tests.TestExamples2" time="2.279" errors="0" timestamp="2023-06-07T14:57:09 IST" skipped="0">
  <testcase classname="tests.TestExamples2" name="test_2" time="2.279"/>
  <system-out/>
</testsuite> <!-- tests.TestExamples2 -->
