<?xml version="1.0" encoding="UTF-8"?>
<!-- Generated by org.testng.reporters.JUnitReportReporter -->
<testsuite hostname="vkzoomin996" failures="0" tests="2" name="tests.GetandPostExamples" time="2.784" errors="0" timestamp="2023-06-07T16:09:37 IST" skipped="0">
  <testcase classname="tests.GetandPostExamples" name="testGet" time="2.106"/>
  <system-out/>
  <testcase classname="tests.GetandPostExamples" name="testPost" time="0.678"/>
  <system-out/>
</testsuite> <!-- tests.GetandPostExamples -->
